proguard/seeds.txt
com.google.android.gms.maps.StreetViewPanoramaView
com.google.android.gms.maps.StreetViewPanoramaView: StreetViewPanoramaView(android.content.Context,android.util.AttributeSet)
com.google.android.gms.maps.StreetViewPanoramaView: StreetViewPanoramaView(android.content.Context,android.util.AttributeSet,int)
com.google.android.gms.maps.model.CameraPosition
com.google.android.gms.maps.model.CircleOptions
com.google.android.gms.maps.model.GroundOverlayOptions
com.google.android.gms.maps.model.LatLng
com.google.android.gms.maps.model.LatLngBounds
com.google.android.gms.maps.model.MarkerOptions
com.google.android.gms.maps.model.PolygonOptions
com.google.android.gms.maps.model.PolylineOptions
com.google.android.gms.maps.model.StreetViewPanoramaCamera
com.google.android.gms.maps.model.StreetViewPanoramaLink
com.google.android.gms.maps.model.StreetViewPanoramaLocation
com.google.android.gms.maps.model.StreetViewPanoramaOrientation
com.google.android.gms.maps.model.Tile
com.google.android.gms.maps.model.TileOverlayOptions
com.google.android.gms.maps.model.VisibleRegion
com.google.android.gms.plus.PlusOneButton
com.google.android.gms.plus.PlusOneButton: PlusOneButton(android.content.Context,android.util.AttributeSet)
com.google.android.gms.plus.internal.PlusCommonExtras
com.google.android.gms.plus.internal.h
com.google.android.gms.tagmanager.InstallReferrerReceiver
com.google.android.gms.tagmanager.InstallReferrerService
com.google.android.gms.tagmanager.PreviewActivity
com.google.android.gms.tagmanager.az$a: com.google.android.gms.tagmanager.az$a[] values()
com.google.android.gms.tagmanager.az$a: com.google.android.gms.tagmanager.az$a valueOf(java.lang.String)
com.google.android.gms.tagmanager.bg$a: com.google.android.gms.tagmanager.bg$a[] values()
com.google.android.gms.tagmanager.bg$a: com.google.android.gms.tagmanager.bg$a valueOf(java.lang.String)
com.google.android.gms.tagmanager.cd$a: com.google.android.gms.tagmanager.cd$a[] values()
com.google.android.gms.tagmanager.cd$a: com.google.android.gms.tagmanager.cd$a valueOf(java.lang.String)
com.google.android.gms.wallet.Address
com.google.android.gms.wallet.Address: android.os.Parcelable$Creator CREATOR
com.google.android.gms.wallet.Cart
com.google.android.gms.wallet.Cart: android.os.Parcelable$Creator CREATOR
com.google.android.gms.wallet.CountrySpecification
com.google.android.gms.wallet.CountrySpecification: android.os.Parcelable$Creator CREATOR
com.google.android.gms.wallet.EnableWalletOptimizationReceiver
com.google.android.gms.wallet.FullWallet
com.google.android.gms.wallet.FullWallet: android.os.Parcelable$Creator CREATOR
com.google.android.gms.wallet.FullWalletRequest
com.google.android.gms.wallet.FullWalletRequest: android.os.Parcelable$Creator CREATOR
com.google.android.gms.wallet.InstrumentInfo
com.google.android.gms.wallet.InstrumentInfo: android.os.Parcelable$Creator CREATOR
com.google.android.gms.wallet.LineItem
com.google.android.gms.wallet.LineItem: android.os.Parcelable$Creator CREATOR
com.google.android.gms.wallet.LoyaltyWalletObject
com.google.android.gms.wallet.LoyaltyWalletObject: android.os.Parcelable$Creator CREATOR
com.google.android.gms.wallet.MaskedWallet
com.google.android.gms.wallet.MaskedWallet: android.os.Parcelable$Creator CREATOR
com.google.android.gms.wallet.MaskedWalletRequest
com.google.android.gms.wallet.MaskedWalletRequest: android.os.Parcelable$Creator CREATOR
com.google.android.gms.wallet.NotifyTransactionStatusRequest
com.google.android.gms.wallet.NotifyTransactionStatusRequest: android.os.Parcelable$Creator CREATOR
com.google.android.gms.wallet.OfferWalletObject
com.google.android.gms.wallet.OfferWalletObject: android.os.Parcelable$Creator CREATOR
com.google.android.gms.wallet.ProxyCard
com.google.android.gms.wallet.ProxyCard: android.os.Parcelable$Creator CREATOR
com.google.android.gms.wallet.d
com.google.android.gms.wallet.d: android.os.Parcelable$Creator CREATOR