proguard/mapping.txt
mmmobile.android.Airtime -> mmmobile.android.Airtime:
    android.widget.EditText amount -> a
    android.widget.EditText mobikashPIN -> b
    android.widget.ViewFlipper flipper -> c
    android.widget.ViewFlipper flipperDestination -> d
    android.widget.AutoCompleteTextView mobileNo -> e
    int selectedCategory -> f
    int selectedDestination -> g
    java.lang.String selectedProvider -> h
    java.lang.String selectedAccount -> i
    mmmobile.android.data.MmListItem[] providerArray -> j
    int getSelectedCategory(int) -> a
    void onClick(android.view.View) -> onClick
    void onCreate(android.os.Bundle) -> onCreate
    void executeTransaction() -> a
mmmobile.android.Airtime$1 -> mmmobile.android.a:
    mmmobile.android.Airtime this$0 -> a
    mmmobile.android.view.adapter.HorizontalListNoImageAdapter val$destinationAdapter -> b
    void onItemClick(android.widget.AdapterView,android.view.View,int,long) -> onItemClick
mmmobile.android.Airtime$2 -> mmmobile.android.b:
    mmmobile.android.Airtime this$0 -> a
    mmmobile.android.view.adapter.HorizontalListNoImageAdapter val$localDrinksCategoriesAdapter -> b
    void onItemClick(android.widget.AdapterView,android.view.View,int,long) -> onItemClick
mmmobile.android.Airtime$OnProviderSelectedListener -> mmmobile.android.c:
    mmmobile.android.Airtime this$0 -> a
    void onItemSelected(android.widget.AdapterView,android.view.View,int,long) -> onItemSelected
    void onNothingSelected(android.widget.AdapterView) -> onNothingSelected
mmmobile.android.AirtimeAgent -> mmmobile.android.AirtimeAgent:
    android.widget.EditText amount -> a
    android.widget.EditText cardHolderName -> b
    android.widget.EditText cardNo -> c
    android.widget.EditText securityCode -> d
    android.widget.EditText mobikashPIN -> e
    android.widget.EditText accountNo -> f
    android.widget.EditText bankPIN -> g
    android.widget.ViewFlipper flipper -> h
    android.widget.ViewFlipper flipperDestination -> i
    android.widget.AutoCompleteTextView mobileNo -> j
    int selectedCategory -> k
    int selectedDestination -> l
    java.lang.String selectedProvider -> m
    java.lang.String selectedMonth -> n
    java.lang.String selectedYear -> o
    java.lang.String selectedBank -> p
    java.lang.String selectedAccount -> q
    mmmobile.android.data.MmListItem[] providerArray -> r
    mmmobile.android.data.MmListItem[] yearsArray -> s
    mmmobile.android.data.MmListItem[] banksArray -> t
    mmmobile.android.data.MmListItem[] accountsArray -> u
    mmmobile.android.data.MmListItem[] monthsArray -> v
    int getSelectedCategory(int) -> a
    void onClick(android.view.View) -> onClick
    void onCreate(android.os.Bundle) -> onCreate
    void executeTransaction() -> a
mmmobile.android.AirtimeAgent$1 -> mmmobile.android.d:
    mmmobile.android.AirtimeAgent this$0 -> a
    mmmobile.android.view.adapter.HorizontalListNoImageAdapter val$destinationAdapter -> b
    void onItemClick(android.widget.AdapterView,android.view.View,int,long) -> onItemClick
mmmobile.android.AirtimeAgent$2 -> mmmobile.android.e:
    mmmobile.android.AirtimeAgent this$0 -> a
    mmmobile.android.view.adapter.HorizontalListNoImageAdapter val$localDrinksCategoriesAdapter -> b
    void onItemClick(android.widget.AdapterView,android.view.View,int,long) -> onItemClick
mmmobile.android.AirtimeAgent$OnAccountSelectedListener -> mmmobile.android.f:
    mmmobile.android.AirtimeAgent this$0 -> a
    void onItemSelected(android.widget.AdapterView,android.view.View,int,long) -> onItemSelected
    void onNothingSelected(android.widget.AdapterView) -> onNothingSelected
mmmobile.android.AirtimeAgent$OnBankSelectedListener -> mmmobile.android.g:
    mmmobile.android.AirtimeAgent this$0 -> a
    void onItemSelected(android.widget.AdapterView,android.view.View,int,long) -> onItemSelected
    void onNothingSelected(android.widget.AdapterView) -> onNothingSelected