proguard/usage.txt
mmmobile.android.Registration$OnRecipientSelectedListener
mmmobile.android.Registration$OnSourceAccountSelectedListener
mmmobile.android.SelectedItemActivity
mmmobile.android.SendMoney:
    public static final java.lang.String CURRENT_STANDING_ORDER
    public static final byte SEND_MONEY
    public static final byte RECEIVE_MONEY
    android.widget.Button submit
    mmmobile.android.data.MmListItem[] accountsArray
    int selectedBankIndex
    java.lang.String amountStr
    java.lang.String deletedBeneficiaryID
    int selectedService
mmmobile.android.SetLanguage:
    java.lang.String amountStr
    java.lang.String destinationStr
    java.lang.String selectedSourceAccount
    java.lang.String selectedProvider
    mmmobile.android.data.MmListItem[] sourceAccountsArray
    mmmobile.android.data.MmListItem[] providersArray
mmmobile.android.TransactionActivity:
    public abstract void confirmCharge(org.json.JSONObject)
    public abstract void askDuplicate()
mmmobile.android.data.Constants
mmmobile.android.data.DataItemViewHolder:
    public android.widget.Button editView
    public android.widget.Button cancelView
    public android.widget.CheckBox deleteView
mmmobile.android.data.ForexItem
mmmobile.android.data.HomeItem:
    20:20:public int getId()
    24:25:public void setId(int)
    27:27:public java.lang.String getTitle()
    31:32:public void setTitle(java.lang.String)
    39:40:public void setText(java.lang.String)
    46:47:public void setIconId(int)
    49:49:public boolean isSubscribed()
    53:54:public void setSubscribed(boolean)
mmmobile.android.data.InfoItem
mmmobile.android.data.InfoItemTag
mmmobile.android.data.MmListItem:
    18:18:public java.lang.String getID()
    21:22:public void setID(java.lang.String)
    27:28:public void setValue(java.lang.String)
    33:34:public void setText(java.lang.String)
mmmobile.android.data.TransactionViewHolder
mmmobile.android.data.ViewHolder:
    public android.widget.Button downloadView
    public greendroid.widget.AsyncImageView imageView
    public android.widget.Button prbtView
    public android.widget.TextView priceView
    public android.widget.TextView quantityView
    public android.widget.TextView titleView
    public android.widget.Button viewDetails
mmmobile.android.model.ActivationService:
    public static final byte SMS
    public static final byte ALARM
    public static final byte BOOT
    public static final java.lang.String URL
    public static final java.lang.String ORIGINATOR
    public static final java.lang.String PAYLOAD
    public static final java.lang.String TIMESTAMP
    public static final java.lang.String CALLER
    public static final java.lang.String AUTH_CODE